# JRE version: OpenJDK Runtime Environment (8.0_20-b23) (build 1.8.0_20-b23)
# Java VM: OpenJDK 64-Bit Server VM (25.20-b22 mixed mode linux-amd64 compressed oops)
Heap:
 PSYoungGen      total 205824K, used 32K [0x00000000ebd80000, 0x00000000f8980000, 0x0000000100000000)
  eden space 202752K, 0% used [0x00000000ebd80000,0x00000000ebd80000,0x00000000f8380000)
  from space 3072K, 1% used [0x00000000f8380000,0x00000000f8388000,0x00000000f8680000)
  to   space 3072K, 0% used [0x00000000f8680000,0x00000000f8680000,0x00000000f8980000)
 ParOldGen       total 42496K, used 1997K [0x00000000c3800000, 0x00000000c6180000, 0x00000000ebd80000)
  object space 42496K, 4% used [0x00000000c3800000,0x00000000c39f3578,0x00000000c6180000)
 Metaspace       used 14209K, capacity 14332K, committed 14720K, reserved 1062912K
  class space    used 1745K, capacity 1796K, committed 1920K, reserved 1048576K
GC Heap History (10 events):
Event: 18.183 GC heap after
Heap after GC invocations=6 (full 0):
 PSYoungGen      total 66048K, used 1938K [0x00000000ebd80000, 0x00000000f0080000, 0x0000000100000000)
  eden space 63488K, 0% used [0x00000000ebd80000,0x00000000ebd80000,0x00000000efb80000)
  from space 2560K, 75% used [0x00000000efe00000,0x00000000effe4840,0x00000000f0080000)
  to   space 2560K, 0% used [0x00000000efb80000,0x00000000efb80000,0x00000000efe00000)
 ParOldGen       total 42496K, used 40K [0x00000000c3800000, 0x00000000c6180000, 0x00000000ebd80000)
  object space 42496K, 0% used [0x00000000c3800000,0x00000000c380a000,0x00000000c6180000)
 Metaspace       used 14209K, capacity 14332K, committed 14720K, reserved 1062912K
  class space    used 1745K, capacity 1796K, committed 1920K, reserved 1048576K
}
Event: 18.342 GC heap before
{Heap before GC invocations=7 (full 0):
 PSYoungGen      total 66048K, used 65426K [0x00000000ebd80000, 0x00000000f0080000, 0x0000000100000000)
  eden space 63488K, 100% used [0x00000000ebd80000,0x00000000efb80000,0x00000000efb80000)
  from space 2560K, 75% used [0x00000000efe00000,0x00000000effe4840,0x00000000f0080000)
  to   space 2560K, 0% used [0x00000000efb80000,0x00000000efb80000,0x00000000efe00000)
 ParOldGen       total 42496K, used 40K [0x00000000c3800000, 0x00000000c6180000, 0x00000000ebd80000)
  object space 42496K, 0% used [0x00000000c3800000,0x00000000c380a000,0x00000000c6180000)
 Metaspace       used 14209K, capacity 14332K, committed 14720K, reserved 1062912K
  class space    used 1745K, capacity 1796K, committed 1920K, reserved 1048576K
Event: 18.349 GC heap after
Heap after GC invocations=7 (full 0):
 PSYoungGen      total 66048K, used 64K [0x00000000ebd80000, 0x00000000f3e80000, 0x0000000100000000)
  eden space 63488K, 0% used [0x00000000ebd80000,0x00000000ebd80000,0x00000000efb80000)
  from space 2560K, 2% used [0x00000000efb80000,0x00000000efb90000,0x00000000efe00000)
  to   space 2560K, 0% used [0x00000000f3c00000,0x00000000f3c00000,0x00000000f3e80000)
 ParOldGen       total 42496K, used 1973K [0x00000000c3800000, 0x00000000c6180000, 0x00000000ebd80000)
  object space 42496K, 4% used [0x00000000c3800000,0x00000000c39ed578,0x00000000c6180000)
 Metaspace       used 14209K, capacity 14332K, committed 14720K, reserved 1062912K
  class space    used 1745K, capacity 1796K, committed 1920K, reserved 1048576K
}
Event: 18.519 GC heap before
{Heap before GC invocations=8 (full 0):
 PSYoungGen      total 66048K, used 63552K [0x00000000ebd80000, 0x00000000f3e80000, 0x0000000100000000)
  eden space 63488K, 100% used [0x00000000ebd80000,0x00000000efb80000,0x00000000efb80000)
  from space 2560K, 2% used [0x00000000efb80000,0x00000000efb90000,0x00000000efe00000)
  to   space 2560K, 0% used [0x00000000f3c00000,0x00000000f3c00000,0x00000000f3e80000)
 ParOldGen       total 42496K, used 1973K [0x00000000c3800000, 0x00000000c6180000, 0x00000000ebd80000)
  object space 42496K, 4% used [0x00000000c3800000,0x00000000c39ed578,0x00000000c6180000)
 Metaspace       used 14209K, capacity 14332K, committed 14720K, reserved 1062912K
  class space    used 1745K, capacity 1796K, committed 1920K, reserved 1048576K
Event: 18.521 GC heap after
Heap after GC invocations=8 (full 0):
 PSYoungGen      total 129024K, used 64K [0x00000000ebd80000, 0x00000000f3f80000, 0x0000000100000000)
  eden space 126464K, 0% used [0x00000000ebd80000,0x00000000ebd80000,0x00000000f3900000)
  from space 2560K, 2% used [0x00000000f3c00000,0x00000000f3c10000,0x00000000f3e80000)
  to   space 3072K, 0% used [0x00000000f3900000,0x00000000f3900000,0x00000000f3c00000)
 ParOldGen       total 42496K, used 1981K [0x00000000c3800000, 0x00000000c6180000, 0x00000000ebd80000)
  object space 42496K, 4% used [0x00000000c3800000,0x00000000c39ef578,0x00000000c6180000)
 Metaspace       used 14209K, capacity 14332K, committed 14720K, reserved 1062912K
  class space    used 1745K, capacity 1796K, committed 1920K, reserved 1048576K
}
Event: 18.884 GC heap before
{Heap before GC invocations=9 (full 0):
 PSYoungGen      total 129024K, used 126528K [0x00000000ebd80000, 0x00000000f3f80000, 0x0000000100000000)
  eden space 126464K, 100% used [0x00000000ebd80000,0x00000000f3900000,0x00000000f3900000)
  from space 2560K, 2% used [0x00000000f3c00000,0x00000000f3c10000,0x00000000f3e80000)
  to   space 3072K, 0% used [0x00000000f3900000,0x00000000f3900000,0x00000000f3c00000)
 ParOldGen       total 42496K, used 1981K [0x00000000c3800000, 0x00000000c6180000, 0x00000000ebd80000)
  object space 42496K, 4% used [0x00000000c3800000,0x00000000c39ef578,0x00000000c6180000)
 Metaspace       used 14209K, capacity 14332K, committed 14720K, reserved 1062912K
  class space    used 1745K, capacity 1796K, committed 1920K, reserved 1048576K
Event: 18.895 GC heap after
Heap after GC invocations=9 (full 0):
 PSYoungGen      total 129536K, used 32K [0x00000000ebd80000, 0x00000000f8980000, 0x0000000100000000)
  eden space 126464K, 0% used [0x00000000ebd80000,0x00000000ebd80000,0x00000000f3900000)
  from space 3072K, 1% used [0x00000000f3900000,0x00000000f3908000,0x00000000f3c00000)
  to   space 3072K, 0% used [0x00000000f8680000,0x00000000f8680000,0x00000000f8980000)
 ParOldGen       total 42496K, used 1989K [0x00000000c3800000, 0x00000000c6180000, 0x00000000ebd80000)
  object space 42496K, 4% used [0x00000000c3800000,0x00000000c39f1578,0x00000000c6180000)
 Metaspace       used 14209K, capacity 14332K, committed 14720K, reserved 1062912K
  class space    used 1745K, capacity 1796K, committed 1920K, reserved 1048576K
}
Event: 19.108 GC heap before
{Heap before GC invocations=10 (full 0):
 PSYoungGen      total 129536K, used 126496K [0x00000000ebd80000, 0x00000000f8980000, 0x0000000100000000)
  eden space 126464K, 100% used [0x00000000ebd80000,0x00000000f3900000,0x00000000f3900000)
  from space 3072K, 1% used [0x00000000f3900000,0x00000000f3908000,0x00000000f3c00000)
  to   space 3072K, 0% used [0x00000000f8680000,0x00000000f8680000,0x00000000f8980000)
 ParOldGen       total 42496K, used 1989K [0x00000000c3800000, 0x00000000c6180000, 0x00000000ebd80000)
  object space 42496K, 4% used [0x00000000c3800000,0x00000000c39f1578,0x00000000c6180000)
 Metaspace       used 14209K, capacity 14332K, committed 14720K, reserved 1062912K
  class space    used 1745K, capacity 1796K, committed 1920K, reserved 1048576K
Event: 19.124 GC heap after
Heap after GC invocations=10 (full 0):
 PSYoungGen      total 205824K, used 128K [0x00000000ebd80000, 0x00000000f8980000, 0x0000000100000000)
  eden space 202752K, 0% used [0x00000000ebd80000,0x00000000ebd80000,0x00000000f8380000)
  from space 3072K, 4% used [0x00000000f8680000,0x00000000f86a0000,0x00000000f8980000)
  to   space 3072K, 0% used [0x00000000f8380000,0x00000000f8380000,0x00000000f8680000)
 ParOldGen       total 42496K, used 1989K [0x00000000c3800000, 0x00000000c6180000, 0x00000000ebd80000)
  object space 42496K, 4% used [0x00000000c3800000,0x00000000c39f1578,0x00000000c6180000)
 Metaspace       used 14209K, capacity 14332K, committed 14720K, reserved 1062912K
  class space    used 1745K, capacity 1796K, committed 1920K, reserved 1048576K
}
Event: 19.572 GC heap before
{Heap before GC invocations=11 (full 0):
 PSYoungGen      total 205824K, used 202880K [0x00000000ebd80000, 0x00000000f8980000, 0x0000000100000000)
  eden space 202752K, 100% used [0x00000000ebd80000,0x00000000f8380000,0x00000000f8380000)
  from space 3072K, 4% used [0x00000000f8680000,0x00000000f86a0000,0x00000000f8980000)
  to   space 3072K, 0% used [0x00000000f8380000,0x00000000f8380000,0x00000000f8680000)
 ParOldGen       total 42496K, used 1989K [0x00000000c3800000, 0x00000000c6180000, 0x00000000ebd80000)
  object space 42496K, 4% used [0x00000000c3800000,0x00000000c39f1578,0x00000000c6180000)
 Metaspace       used 14209K, capacity 14332K, committed 14720K, reserved 1062912K
  class space    used 1745K, capacity 1796K, committed 1920K, reserved 1048576K

