# JRE version: OpenJDK Runtime Environment (8.0_20-b23) (build 1.8.0_20-b23)
# Java VM: OpenJDK 64-Bit Server VM (25.20-b22 mixed mode linux-amd64 compressed oops)
Heap:
 PSYoungGen      total 183808K, used 70055K [0x00000000ebd80000, 0x0000000100000000, 0x0000000100000000)
  eden space 113664K, 0% used [0x00000000ebd80000,0x00000000ebd80000,0x00000000f2c80000)
  from space 70144K, 99% used [0x00000000f9480000,0x00000000fd8e9ea8,0x00000000fd900000)
  to   space 106496K, 0% used [0x00000000f2c80000,0x00000000f2c80000,0x00000000f9480000)
 ParOldGen       total 169472K, used 168113K [0x00000000c3800000, 0x00000000cdd80000, 0x00000000ebd80000)
  object space 169472K, 99% used [0x00000000c3800000,0x00000000cdc2c548,0x00000000cdd80000)
 Metaspace       used 10856K, capacity 11014K, committed 11264K, reserved 1058816K
  class space    used 1190K, capacity 1251K, committed 1280K, reserved 1048576K
GC Heap History (10 events):
Event: 20.031 GC heap after
Heap after GC invocations=9 (full 1):
 PSYoungGen      total 147456K, used 39936K [0x00000000ebd80000, 0x00000000f8700000, 0x0000000100000000)
  eden space 107520K, 0% used [0x00000000ebd80000,0x00000000ebd80000,0x00000000f2680000)
  from space 39936K, 100% used [0x00000000f5400000,0x00000000f7b00000,0x00000000f7b00000)
  to   space 46592K, 0% used [0x00000000f2680000,0x00000000f2680000,0x00000000f5400000)
 ParOldGen       total 78848K, used 56344K [0x00000000c3800000, 0x00000000c8500000, 0x00000000ebd80000)
  object space 78848K, 71% used [0x00000000c3800000,0x00000000c6f060a8,0x00000000c8500000)
 Metaspace       used 10823K, capacity 10950K, committed 11008K, reserved 1058816K
  class space    used 1190K, capacity 1251K, committed 1280K, reserved 1048576K
}
Event: 20.031 GC heap before
{Heap before GC invocations=10 (full 2):
 PSYoungGen      total 147456K, used 39936K [0x00000000ebd80000, 0x00000000f8700000, 0x0000000100000000)
  eden space 107520K, 0% used [0x00000000ebd80000,0x00000000ebd80000,0x00000000f2680000)
  from space 39936K, 100% used [0x00000000f5400000,0x00000000f7b00000,0x00000000f7b00000)
  to   space 46592K, 0% used [0x00000000f2680000,0x00000000f2680000,0x00000000f5400000)
 ParOldGen       total 78848K, used 56344K [0x00000000c3800000, 0x00000000c8500000, 0x00000000ebd80000)
  object space 78848K, 71% used [0x00000000c3800000,0x00000000c6f060a8,0x00000000c8500000)
 Metaspace       used 10823K, capacity 10950K, committed 11008K, reserved 1058816K
  class space    used 1190K, capacity 1251K, committed 1280K, reserved 1048576K
Event: 20.648 GC heap after
Heap after GC invocations=10 (full 2):
 PSYoungGen      total 147456K, used 0K [0x00000000ebd80000, 0x00000000f8700000, 0x0000000100000000)
  eden space 107520K, 0% used [0x00000000ebd80000,0x00000000ebd80000,0x00000000f2680000)
  from space 39936K, 0% used [0x00000000f5400000,0x00000000f5400000,0x00000000f7b00000)
  to   space 46592K, 0% used [0x00000000f2680000,0x00000000f2680000,0x00000000f5400000)
 ParOldGen       total 108544K, used 61308K [0x00000000c3800000, 0x00000000ca200000, 0x00000000ebd80000)
  object space 108544K, 56% used [0x00000000c3800000,0x00000000c73df190,0x00000000ca200000)
 Metaspace       used 10823K, capacity 10950K, committed 11008K, reserved 1058816K
  class space    used 1190K, capacity 1251K, committed 1280K, reserved 1048576K
}
Event: 20.724 GC heap before
{Heap before GC invocations=11 (full 2):
 PSYoungGen      total 147456K, used 107520K [0x00000000ebd80000, 0x00000000f8700000, 0x0000000100000000)
  eden space 107520K, 100% used [0x00000000ebd80000,0x00000000f2680000,0x00000000f2680000)
  from space 39936K, 0% used [0x00000000f5400000,0x00000000f5400000,0x00000000f7b00000)
  to   space 46592K, 0% used [0x00000000f2680000,0x00000000f2680000,0x00000000f5400000)
 ParOldGen       total 108544K, used 61308K [0x00000000c3800000, 0x00000000ca200000, 0x00000000ebd80000)
  object space 108544K, 56% used [0x00000000c3800000,0x00000000c73df190,0x00000000ca200000)
 Metaspace       used 10848K, capacity 11014K, committed 11264K, reserved 1058816K
  class space    used 1190K, capacity 1251K, committed 1280K, reserved 1048576K
Event: 20.924 GC heap after
Heap after GC invocations=11 (full 2):
 PSYoungGen      total 154112K, used 46560K [0x00000000ebd80000, 0x00000000fd900000, 0x0000000100000000)
  eden space 107520K, 0% used [0x00000000ebd80000,0x00000000ebd80000,0x00000000f2680000)
  from space 46592K, 99% used [0x00000000f2680000,0x00000000f53f8010,0x00000000f5400000)
  to   space 70144K, 0% used [0x00000000f9480000,0x00000000f9480000,0x00000000fd900000)
 ParOldGen       total 108544K, used 101196K [0x00000000c3800000, 0x00000000ca200000, 0x00000000ebd80000)
  object space 108544K, 93% used [0x00000000c3800000,0x00000000c9ad3190,0x00000000ca200000)
 Metaspace       used 10848K, capacity 11014K, committed 11264K, reserved 1058816K
  class space    used 1190K, capacity 1251K, committed 1280K, reserved 1048576K
}
Event: 20.924 GC heap before
{Heap before GC invocations=12 (full 3):
 PSYoungGen      total 154112K, used 46560K [0x00000000ebd80000, 0x00000000fd900000, 0x0000000100000000)
  eden space 107520K, 0% used [0x00000000ebd80000,0x00000000ebd80000,0x00000000f2680000)
  from space 46592K, 99% used [0x00000000f2680000,0x00000000f53f8010,0x00000000f5400000)
  to   space 70144K, 0% used [0x00000000f9480000,0x00000000f9480000,0x00000000fd900000)
 ParOldGen       total 108544K, used 101196K [0x00000000c3800000, 0x00000000ca200000, 0x00000000ebd80000)
  object space 108544K, 93% used [0x00000000c3800000,0x00000000c9ad3190,0x00000000ca200000)
 Metaspace       used 10848K, capacity 11014K, committed 11264K, reserved 1058816K
  class space    used 1190K, capacity 1251K, committed 1280K, reserved 1048576K
Event: 22.172 GC heap after
Heap after GC invocations=12 (full 3):
 PSYoungGen      total 154112K, used 46526K [0x00000000ebd80000, 0x00000000fd900000, 0x0000000100000000)
  eden space 107520K, 0% used [0x00000000ebd80000,0x00000000ebd80000,0x00000000f2680000)
  from space 46592K, 99% used [0x00000000f2680000,0x00000000f53efa90,0x00000000f5400000)
  to   space 70144K, 0% used [0x00000000f9480000,0x00000000f9480000,0x00000000fd900000)
 ParOldGen       total 169472K, used 101072K [0x00000000c3800000, 0x00000000cdd80000, 0x00000000ebd80000)
  object space 169472K, 59% used [0x00000000c3800000,0x00000000c9ab42e8,0x00000000cdd80000)
 Metaspace       used 10848K, capacity 11014K, committed 11264K, reserved 1058816K
  class space    used 1190K, capacity 1251K, committed 1280K, reserved 1048576K
}
Event: 22.245 GC heap before
{Heap before GC invocations=13 (full 3):
 PSYoungGen      total 154112K, used 154046K [0x00000000ebd80000, 0x00000000fd900000, 0x0000000100000000)
  eden space 107520K, 100% used [0x00000000ebd80000,0x00000000f2680000,0x00000000f2680000)
  from space 46592K, 99% used [0x00000000f2680000,0x00000000f53efa90,0x00000000f5400000)
  to   space 70144K, 0% used [0x00000000f9480000,0x00000000f9480000,0x00000000fd900000)
 ParOldGen       total 169472K, used 101072K [0x00000000c3800000, 0x00000000cdd80000, 0x00000000ebd80000)
  object space 169472K, 59% used [0x00000000c3800000,0x00000000c9ab42e8,0x00000000cdd80000)
 Metaspace       used 10856K, capacity 11014K, committed 11264K, reserved 1058816K
  class space    used 1190K, capacity 1251K, committed 1280K, reserved 1048576K
Event: 22.607 GC heap after
Heap after GC invocations=13 (full 3):
 PSYoungGen      total 183808K, used 70112K [0x00000000ebd80000, 0x0000000100000000, 0x0000000100000000)
  eden space 113664K, 0% used [0x00000000ebd80000,0x00000000ebd80000,0x00000000f2c80000)
  from space 70144K, 99% used [0x00000000f9480000,0x00000000fd8f8010,0x00000000fd900000)
  to   space 106496K, 0% used [0x00000000f2c80000,0x00000000f2c80000,0x00000000f9480000)
 ParOldGen       total 169472K, used 168296K [0x00000000c3800000, 0x00000000cdd80000, 0x00000000ebd80000)
  object space 169472K, 99% used [0x00000000c3800000,0x00000000cdc5a2e8,0x00000000cdd80000)
 Metaspace       used 10856K, capacity 11014K, committed 11264K, reserved 1058816K
  class space    used 1190K, capacity 1251K, committed 1280K, reserved 1048576K
}
Event: 22.607 GC heap before
{Heap before GC invocations=14 (full 4):
 PSYoungGen      total 183808K, used 70112K [0x00000000ebd80000, 0x0000000100000000, 0x0000000100000000)
  eden space 113664K, 0% used [0x00000000ebd80000,0x00000000ebd80000,0x00000000f2c80000)
  from space 70144K, 99% used [0x00000000f9480000,0x00000000fd8f8010,0x00000000fd900000)
  to   space 106496K, 0% used [0x00000000f2c80000,0x00000000f2c80000,0x00000000f9480000)
 ParOldGen       total 169472K, used 168296K [0x00000000c3800000, 0x00000000cdd80000, 0x00000000ebd80000)
  object space 169472K, 99% used [0x00000000c3800000,0x00000000cdc5a2e8,0x00000000cdd80000)
 Metaspace       used 10856K, capacity 11014K, committed 11264K, reserved 1058816K
  class space    used 1190K, capacity 1251K, committed 1280K, reserved 1048576K

